<?xml version="1.0" encoding="UTF-8"?>
<!-- Generated by org.testng.reporters.JUnitReportReporter -->
<testsuite hostname="DESKTOP-OIRFGQC" failures="0" tests="1" name="frontend.OrdertWithTotalValueBetween30_60_Test" time="3.670" errors="0" timestamp="2025-03-27T14:11:50 EDT" skipped="0">
  <testcase classname="frontend.OrdertWithTotalValueBetween30_60_Test" name="test3_make_order_between30_60_dollars" time="3.670"/>
</testsuite> <!-- frontend.OrdertWithTotalValueBetween30_60_Test -->
