<?xml version="1.0" encoding="UTF-8"?>
<!-- Generated by org.testng.reporters.JUnitReportReporter -->
<testsuite hostname="DESKTOP-OIRFGQC" failures="0" tests="1" name="frontend.BuyTwoItemsTest" time="3.985" errors="0" timestamp="2025-03-27T13:54:34 EDT" skipped="0">
  <testcase classname="frontend.BuyTwoItemsTest" name="test2_buy_two_items" time="3.985"/>
</testsuite> <!-- frontend.BuyTwoItemsTest -->
