<?xml version="1.0" encoding="UTF-8"?>
<!-- Generated by org.testng.reporters.JUnitReportReporter -->
<testsuite hostname="DESKTOP-OIRFGQC" failures="0" tests="3" name="backend.RestAPIChainTest" time="5.096" errors="0" timestamp="2025-03-27T14:57:55 EDT" skipped="0">
  <testcase classname="backend.RestAPIChainTest" name="postAPIRequestToGetBookingID" time="4.480"/>
  <testcase classname="backend.RestAPIChainTest" name="postAPIRequestToGetToken" time="0.262"/>
  <testcase classname="backend.RestAPIChainTest" name="putAPIRequestUsingToken" time="0.354"/>
</testsuite> <!-- backend.RestAPIChainTest -->
